2023-08-25 16:59:54,193 DEBUG Horse: Создание Horse, имя [Буцефал], скорость [2.4]
2023-08-25 16:59:54,202 DEBUG Horse: Создание Horse, имя [Туз Пик], скорость [2.5]
2023-08-25 16:59:54,204 DEBUG Horse: Создание Horse, имя [Зефир], скорость [2.6]
2023-08-25 16:59:54,204 DEBUG Horse: Создание Horse, имя [Пожар], скорость [2.7]
2023-08-25 16:59:54,204 DEBUG Horse: Создание Horse, имя [Лобстер], скорость [2.8]
2023-08-25 16:59:54,204 DEBUG Horse: Создание Horse, имя [Пегас], скорость [2.9]
2023-08-25 16:59:54,204 DEBUG Horse: Создание Horse, имя [Вишня], скорость [3.0]
2023-08-25 16:59:54,204 DEBUG Hippodrome: Создание Hippodrome, лошадей [7]
2023-08-25 16:59:54,204 INFO  Main:  Начало скачек. Количество участников: 7
2023-08-25 17:00:15,339 INFO  Main: Окончание скачек. Победитель: Пегас
2023-08-25 18:22:40,757 DEBUG Horse: Создание Horse, имя [Буцефал], скорость [2.4]
2023-08-25 18:22:40,760 DEBUG Horse: Создание Horse, имя [Туз Пик], скорость [2.5]
2023-08-25 18:22:40,760 DEBUG Horse: Создание Horse, имя [Зефир], скорость [2.6]
2023-08-25 18:22:40,760 DEBUG Horse: Создание Horse, имя [Пожар], скорость [2.7]
2023-08-25 18:22:40,760 DEBUG Horse: Создание Horse, имя [Лобстер], скорость [2.8]
2023-08-25 18:22:40,760 DEBUG Horse: Создание Horse, имя [Пегас], скорость [2.9]
2023-08-25 18:22:40,760 DEBUG Horse: Создание Horse, имя [Вишня], скорость [3.0]
2023-08-25 18:22:40,761 DEBUG Hippodrome: Создание Hippodrome, лошадей [7]
2023-08-25 18:22:40,762 INFO  Main:  Начало скачек. Количество участников: 7
2023-08-25 18:23:01,181 INFO  Main: Окончание скачек. Победитель: Пегас
2023-08-25 18:23:40,946 DEBUG Horse: Создание Horse, имя [Буцефал], скорость [2.4]
2023-08-25 18:23:40,948 DEBUG Horse: Создание Horse, имя [Туз Пик], скорость [2.5]
2023-08-25 18:23:40,949 DEBUG Horse: Создание Horse, имя [Зефир], скорость [2.6]
2023-08-25 18:23:40,949 DEBUG Horse: Создание Horse, имя [Пожар], скорость [2.7]
2023-08-25 18:23:40,949 DEBUG Horse: Создание Horse, имя [Лобстер], скорость [2.8]
2023-08-25 18:23:40,949 DEBUG Horse: Создание Horse, имя [Пегас], скорость [2.9]
2023-08-25 18:23:40,949 DEBUG Horse: Создание Horse, имя [Вишня], скорость [3.0]
2023-08-25 18:23:40,950 DEBUG Hippodrome: Создание Hippodrome, лошадей [7]
2023-08-25 18:23:40,950 INFO  Main:  Начало скачек. Количество участников: 7
2023-08-25 18:24:01,251 INFO  Main: Окончание скачек. Победитель: Вишня
2023-08-25 18:28:18,488 DEBUG Horse: Создание Horse, имя [Буцефал], скорость [2.4]
2023-08-25 18:28:18,491 DEBUG Horse: Создание Horse, имя [Туз Пик], скорость [2.5]
2023-08-25 18:28:18,491 DEBUG Horse: Создание Horse, имя [Зефир], скорость [2.6]
2023-08-25 18:28:18,491 DEBUG Horse: Создание Horse, имя [Пожар], скорость [2.7]
2023-08-25 18:28:18,491 DEBUG Horse: Создание Horse, имя [Лобстер], скорость [2.8]
2023-08-25 18:28:18,491 DEBUG Horse: Создание Horse, имя [Пегас], скорость [2.9]
2023-08-25 18:28:18,491 DEBUG Horse: Создание Horse, имя [Вишня], скорость [3.0]
2023-08-25 18:28:18,492 DEBUG Hippodrome: Создание Hippodrome, лошадей [7]
2023-08-25 18:28:18,492 INFO  Main:  Начало скачек. Количество участников: 7
2023-08-25 18:28:38,861 INFO  Main: Окончание скачек. Победитель: Вишня
