2023-08-24 16:54:20,353 DEBUG Horse: Создание Horse, имя [Буцефал], скорость [2.4]
2023-08-24 16:54:20,361 DEBUG Horse: Создание Horse, имя [Туз Пик], скорость [2.5]
2023-08-24 16:54:20,361 DEBUG Horse: Создание Horse, имя [Зефир], скорость [2.6]
2023-08-24 16:54:20,361 DEBUG Horse: Создание Horse, имя [Пожар], скорость [2.7]
2023-08-24 16:54:20,362 DEBUG Horse: Создание Horse, имя [Лобстер], скорость [2.8]
2023-08-24 16:54:20,362 DEBUG Horse: Создание Horse, имя [Пегас], скорость [2.9]
2023-08-24 16:54:20,374 DEBUG Horse: Создание Horse, имя [Вишня], скорость [3.0]
2023-08-24 16:54:20,375 DEBUG Hippodrome: Создание Hippodrome, лошадей [7]
2023-08-24 16:54:20,376 INFO  Main:  Начало скачек. Количество участников: 7
2023-08-24 16:54:40,688 INFO  Main: Окончание скачек. Победитель: Вишня
2023-08-24 16:57:49,234 DEBUG Horse: Создание Horse, имя [Буцефал], скорость [2.4]
2023-08-24 16:57:49,240 DEBUG Horse: Создание Horse, имя [Туз Пик], скорость [2.5]
2023-08-24 16:57:49,240 DEBUG Horse: Создание Horse, имя [Зефир], скорость [2.6]
2023-08-24 16:57:49,240 DEBUG Horse: Создание Horse, имя [Пожар], скорость [2.7]
2023-08-24 16:57:49,240 DEBUG Horse: Создание Horse, имя [Лобстер], скорость [2.8]
2023-08-24 16:57:49,240 DEBUG Horse: Создание Horse, имя [Пегас], скорость [2.9]
2023-08-24 16:57:49,240 DEBUG Horse: Создание Horse, имя [Вишня], скорость [3.0]
2023-08-24 16:57:49,240 DEBUG Hippodrome: Создание Hippodrome, лошадей [7]
2023-08-24 16:57:49,240 INFO  Main:  Начало скачек. Количество участников: 7
2023-08-24 16:58:10,216 INFO  Main: Окончание скачек. Победитель: Вишня
