2023-08-27 10:00:51,347 DEBUG Horse: Создание Horse, имя [Буцефал], скорость [2.4]
2023-08-27 10:00:51,356 DEBUG Horse: Создание Horse, имя [Туз Пик], скорость [2.5]
2023-08-27 10:00:51,356 DEBUG Horse: Создание Horse, имя [Зефир], скорость [2.6]
2023-08-27 10:00:51,356 DEBUG Horse: Создание Horse, имя [Пожар], скорость [2.7]
2023-08-27 10:00:51,356 DEBUG Horse: Создание Horse, имя [Лобстер], скорость [2.8]
2023-08-27 10:00:51,356 DEBUG Horse: Создание Horse, имя [Пегас], скорость [2.9]
2023-08-27 10:00:51,356 DEBUG Horse: Создание Horse, имя [Вишня], скорость [3.0]
2023-08-27 10:00:51,357 DEBUG Hippodrome: Создание Hippodrome, лошадей [7]
2023-08-27 10:00:51,358 INFO  Main:  Начало скачек. Количество участников: 7
2023-08-27 10:01:11,702 INFO  Main: Окончание скачек. Победитель: Вишня
2023-08-27 10:17:52,036 DEBUG Horse: Создание Horse, имя [Буцефал], скорость [2.4]
2023-08-27 10:17:52,038 DEBUG Horse: Создание Horse, имя [Туз Пик], скорость [2.5]
2023-08-27 10:17:52,038 DEBUG Horse: Создание Horse, имя [Зефир], скорость [2.6]
2023-08-27 10:17:52,041 DEBUG Horse: Создание Horse, имя [Пожар], скорость [2.7]
2023-08-27 10:17:52,041 DEBUG Horse: Создание Horse, имя [Лобстер], скорость [2.8]
2023-08-27 10:17:52,041 DEBUG Horse: Создание Horse, имя [Пегас], скорость [2.9]
2023-08-27 10:17:52,041 DEBUG Horse: Создание Horse, имя [Вишня], скорость [3.0]
2023-08-27 10:17:52,042 DEBUG Hippodrome: Создание Hippodrome, лошадей [7]
2023-08-27 10:17:52,042 INFO  Main:  Начало скачек. Количество участников: 7
2023-08-27 10:18:12,975 INFO  Main: Окончание скачек. Победитель: Вишня
2023-08-27 10:27:02,903 DEBUG Horse: Создание Horse, имя [Буцефал], скорость [2.4]
2023-08-27 10:27:02,905 DEBUG Horse: Создание Horse, имя [Туз Пик], скорость [2.5]
2023-08-27 10:27:02,905 DEBUG Horse: Создание Horse, имя [Зефир], скорость [2.6]
2023-08-27 10:27:02,905 DEBUG Horse: Создание Horse, имя [Пожар], скорость [2.7]
2023-08-27 10:27:02,905 DEBUG Horse: Создание Horse, имя [Лобстер], скорость [2.8]
2023-08-27 10:27:02,905 DEBUG Horse: Создание Horse, имя [Пегас], скорость [2.9]
2023-08-27 10:27:02,907 DEBUG Horse: Создание Horse, имя [Вишня], скорость [3.0]
2023-08-27 10:27:02,907 DEBUG Hippodrome: Создание Hippodrome, лошадей [7]
2023-08-27 10:27:02,908 INFO  Main:  Начало скачек. Количество участников: 7
2023-08-27 10:27:24,044 INFO  Main: Окончание скачек. Победитель: Пегас
2023-08-27 10:29:19,852 DEBUG Horse: Создание Horse, имя [Буцефал], скорость [2.4]
2023-08-27 10:29:19,852 DEBUG Horse: Создание Horse, имя [Туз Пик], скорость [2.5]
2023-08-27 10:29:19,852 DEBUG Horse: Создание Horse, имя [Зефир], скорость [2.6]
2023-08-27 10:29:19,852 DEBUG Horse: Создание Horse, имя [Пожар], скорость [2.7]
2023-08-27 10:29:19,852 DEBUG Horse: Создание Horse, имя [Лобстер], скорость [2.8]
2023-08-27 10:29:19,852 DEBUG Horse: Создание Horse, имя [Пегас], скорость [2.9]
2023-08-27 10:29:19,852 DEBUG Horse: Создание Horse, имя [Вишня], скорость [3.0]
2023-08-27 10:29:19,855 DEBUG Hippodrome: Создание Hippodrome, лошадей [7]
2023-08-27 10:29:19,855 INFO  Main:  Начало скачек. Количество участников: 7
2023-08-27 10:29:40,837 INFO  Main: Окончание скачек. Победитель: Вишня
2023-08-27 10:31:49,642 DEBUG Horse: Создание Horse, имя [Буцефал], скорость [2.4]
2023-08-27 10:31:49,645 DEBUG Horse: Создание Horse, имя [Туз Пик], скорость [2.5]
2023-08-27 10:31:49,645 DEBUG Horse: Создание Horse, имя [Зефир], скорость [2.6]
2023-08-27 10:31:49,646 DEBUG Horse: Создание Horse, имя [Пожар], скорость [2.7]
2023-08-27 10:31:49,646 DEBUG Horse: Создание Horse, имя [Лобстер], скорость [2.8]
2023-08-27 10:31:49,646 DEBUG Horse: Создание Horse, имя [Пегас], скорость [2.9]
2023-08-27 10:31:49,646 DEBUG Horse: Создание Horse, имя [Вишня], скорость [3.0]
2023-08-27 10:31:49,647 DEBUG Hippodrome: Создание Hippodrome, лошадей [7]
2023-08-27 10:31:49,647 INFO  Main:  Начало скачек. Количество участников: 7
2023-08-27 10:32:10,487 INFO  Main: Окончание скачек. Победитель: Пегас
2023-08-27 10:32:56,554 DEBUG Horse: Создание Horse, имя [Буцефал], скорость [2.4]
2023-08-27 10:32:56,556 DEBUG Horse: Создание Horse, имя [Туз Пик], скорость [2.5]
2023-08-27 10:32:56,556 DEBUG Horse: Создание Horse, имя [Зефир], скорость [2.6]
2023-08-27 10:32:56,556 DEBUG Horse: Создание Horse, имя [Пожар], скорость [2.7]
2023-08-27 10:32:56,556 DEBUG Horse: Создание Horse, имя [Лобстер], скорость [2.8]
2023-08-27 10:32:56,556 DEBUG Horse: Создание Horse, имя [Пегас], скорость [2.9]
2023-08-27 10:32:56,556 DEBUG Horse: Создание Horse, имя [Вишня], скорость [3.0]
2023-08-27 10:32:56,557 DEBUG Hippodrome: Создание Hippodrome, лошадей [7]
2023-08-27 10:32:56,558 INFO  Main:  Начало скачек. Количество участников: 7
2023-08-27 10:33:17,481 INFO  Main: Окончание скачек. Победитель: Пегас
2023-08-27 10:38:35,368 DEBUG Horse: Создание Horse, имя [Буцефал], скорость [2.4]
2023-08-27 10:38:35,368 DEBUG Horse: Создание Horse, имя [Туз Пик], скорость [2.5]
2023-08-27 10:38:35,368 DEBUG Horse: Создание Horse, имя [Зефир], скорость [2.6]
2023-08-27 10:38:35,368 DEBUG Horse: Создание Horse, имя [Пожар], скорость [2.7]
2023-08-27 10:38:35,368 DEBUG Horse: Создание Horse, имя [Лобстер], скорость [2.8]
2023-08-27 10:38:35,368 DEBUG Horse: Создание Horse, имя [Пегас], скорость [2.9]
2023-08-27 10:38:35,368 DEBUG Horse: Создание Horse, имя [Вишня], скорость [3.0]
2023-08-27 10:38:35,368 DEBUG Hippodrome: Создание Hippodrome, лошадей [7]
2023-08-27 10:38:35,368 INFO  Main:  Начало скачек. Количество участников: 7
2023-08-27 10:38:56,296 INFO  Main: Окончание скачек. Победитель: Вишня
2023-08-27 10:39:30,148 DEBUG Horse: Создание Horse, имя [Буцефал], скорость [2.4]
2023-08-27 10:39:30,151 DEBUG Horse: Создание Horse, имя [Туз Пик], скорость [2.5]
2023-08-27 10:39:30,151 DEBUG Horse: Создание Horse, имя [Зефир], скорость [2.6]
2023-08-27 10:39:30,151 DEBUG Horse: Создание Horse, имя [Пожар], скорость [2.7]
2023-08-27 10:39:30,151 DEBUG Horse: Создание Horse, имя [Лобстер], скорость [2.8]
2023-08-27 10:39:30,151 DEBUG Horse: Создание Horse, имя [Пегас], скорость [2.9]
2023-08-27 10:39:30,151 DEBUG Horse: Создание Horse, имя [Вишня], скорость [3.0]
2023-08-27 10:39:30,154 DEBUG Hippodrome: Создание Hippodrome, лошадей [7]
2023-08-27 10:39:30,154 INFO  Main:  Начало скачек. Количество участников: 7
2023-08-27 10:39:50,861 INFO  Main: Окончание скачек. Победитель: Вишня
2023-08-27 10:40:22,859 DEBUG Horse: Создание Horse, имя [Буцефал], скорость [2.4]
2023-08-27 10:40:22,861 DEBUG Horse: Создание Horse, имя [Туз Пик], скорость [2.5]
2023-08-27 10:40:22,861 DEBUG Horse: Создание Horse, имя [Зефир], скорость [2.6]
2023-08-27 10:40:22,861 DEBUG Horse: Создание Horse, имя [Пожар], скорость [2.7]
2023-08-27 10:40:22,861 DEBUG Horse: Создание Horse, имя [Лобстер], скорость [2.8]
2023-08-27 10:40:22,861 DEBUG Horse: Создание Horse, имя [Пегас], скорость [2.9]
2023-08-27 10:40:22,861 DEBUG Horse: Создание Horse, имя [Вишня], скорость [3.0]
2023-08-27 10:40:22,863 DEBUG Hippodrome: Создание Hippodrome, лошадей [7]
2023-08-27 10:40:22,863 INFO  Main:  Начало скачек. Количество участников: 7
2023-08-27 10:40:43,908 INFO  Main: Окончание скачек. Победитель: Вишня
2023-08-27 10:41:16,534 DEBUG Horse: Создание Horse, имя [Буцефал], скорость [2.4]
2023-08-27 10:41:16,534 DEBUG Horse: Создание Horse, имя [Туз Пик], скорость [2.5]
2023-08-27 10:41:16,534 DEBUG Horse: Создание Horse, имя [Зефир], скорость [2.6]
2023-08-27 10:41:16,534 DEBUG Horse: Создание Horse, имя [Пожар], скорость [2.7]
2023-08-27 10:41:16,534 DEBUG Horse: Создание Horse, имя [Лобстер], скорость [2.8]
2023-08-27 10:41:16,534 DEBUG Horse: Создание Horse, имя [Пегас], скорость [2.9]
2023-08-27 10:41:16,539 DEBUG Horse: Создание Horse, имя [Вишня], скорость [3.0]
2023-08-27 10:41:16,541 DEBUG Hippodrome: Создание Hippodrome, лошадей [7]
2023-08-27 10:41:16,541 INFO  Main:  Начало скачек. Количество участников: 7
2023-08-27 10:41:37,605 INFO  Main: Окончание скачек. Победитель: Вишня
2023-08-27 10:41:49,809 DEBUG Horse: Создание Horse, имя [Буцефал], скорость [2.4]
2023-08-27 10:41:49,811 DEBUG Horse: Создание Horse, имя [Туз Пик], скорость [2.5]
2023-08-27 10:41:49,811 DEBUG Horse: Создание Horse, имя [Зефир], скорость [2.6]
2023-08-27 10:41:49,811 DEBUG Horse: Создание Horse, имя [Пожар], скорость [2.7]
2023-08-27 10:41:49,811 DEBUG Horse: Создание Horse, имя [Лобстер], скорость [2.8]
2023-08-27 10:41:49,811 DEBUG Horse: Создание Horse, имя [Пегас], скорость [2.9]
2023-08-27 10:41:49,811 DEBUG Horse: Создание Horse, имя [Вишня], скорость [3.0]
2023-08-27 10:41:49,814 DEBUG Hippodrome: Создание Hippodrome, лошадей [7]
2023-08-27 10:41:49,814 INFO  Main:  Начало скачек. Количество участников: 7
2023-08-27 10:42:10,654 INFO  Main: Окончание скачек. Победитель: Вишня
2023-08-27 10:42:43,404 DEBUG Horse: Создание Horse, имя [Буцефал], скорость [2.4]
2023-08-27 10:42:43,407 DEBUG Horse: Создание Horse, имя [Туз Пик], скорость [2.5]
2023-08-27 10:42:43,407 DEBUG Horse: Создание Horse, имя [Зефир], скорость [2.6]
2023-08-27 10:42:43,407 DEBUG Horse: Создание Horse, имя [Пожар], скорость [2.7]
2023-08-27 10:42:43,407 DEBUG Horse: Создание Horse, имя [Лобстер], скорость [2.8]
2023-08-27 10:42:43,407 DEBUG Horse: Создание Horse, имя [Пегас], скорость [2.9]
2023-08-27 10:42:43,407 DEBUG Horse: Создание Horse, имя [Вишня], скорость [3.0]
2023-08-27 10:42:43,408 DEBUG Hippodrome: Создание Hippodrome, лошадей [7]
2023-08-27 10:42:43,408 INFO  Main:  Начало скачек. Количество участников: 7
2023-08-27 10:43:04,461 INFO  Main: Окончание скачек. Победитель: Вишня
2023-08-27 10:43:12,741 DEBUG Horse: Создание Horse, имя [Буцефал], скорость [2.4]
2023-08-27 10:43:12,743 DEBUG Horse: Создание Horse, имя [Туз Пик], скорость [2.5]
2023-08-27 10:43:12,744 DEBUG Horse: Создание Horse, имя [Зефир], скорость [2.6]
2023-08-27 10:43:12,744 DEBUG Horse: Создание Horse, имя [Пожар], скорость [2.7]
2023-08-27 10:43:12,744 DEBUG Horse: Создание Horse, имя [Лобстер], скорость [2.8]
2023-08-27 10:43:12,744 DEBUG Horse: Создание Horse, имя [Пегас], скорость [2.9]
2023-08-27 10:43:12,744 DEBUG Horse: Создание Horse, имя [Вишня], скорость [3.0]
2023-08-27 10:43:12,744 DEBUG Hippodrome: Создание Hippodrome, лошадей [7]
2023-08-27 10:43:12,744 INFO  Main:  Начало скачек. Количество участников: 7
2023-08-27 10:43:33,633 INFO  Main: Окончание скачек. Победитель: Вишня
2023-08-27 10:44:22,917 DEBUG Horse: Создание Horse, имя [Буцефал], скорость [2.4]
2023-08-27 10:44:22,924 DEBUG Horse: Создание Horse, имя [Туз Пик], скорость [2.5]
2023-08-27 10:44:22,924 DEBUG Horse: Создание Horse, имя [Зефир], скорость [2.6]
2023-08-27 10:44:22,924 DEBUG Horse: Создание Horse, имя [Пожар], скорость [2.7]
2023-08-27 10:44:22,924 DEBUG Horse: Создание Horse, имя [Лобстер], скорость [2.8]
2023-08-27 10:44:22,925 DEBUG Horse: Создание Horse, имя [Пегас], скорость [2.9]
2023-08-27 10:44:22,925 DEBUG Horse: Создание Horse, имя [Вишня], скорость [3.0]
2023-08-27 10:44:22,925 DEBUG Hippodrome: Создание Hippodrome, лошадей [7]
2023-08-27 10:44:22,925 INFO  Main:  Начало скачек. Количество участников: 7
2023-08-27 10:44:44,017 INFO  Main: Окончание скачек. Победитель: Вишня
2023-08-27 11:15:31,062 DEBUG Horse: Создание Horse, имя [Буцефал], скорость [2.4]
2023-08-27 11:15:31,065 DEBUG Horse: Создание Horse, имя [Туз Пик], скорость [2.5]
2023-08-27 11:15:31,065 DEBUG Horse: Создание Horse, имя [Зефир], скорость [2.6]
2023-08-27 11:15:31,065 DEBUG Horse: Создание Horse, имя [Пожар], скорость [2.7]
2023-08-27 11:15:31,065 DEBUG Horse: Создание Horse, имя [Лобстер], скорость [2.8]
2023-08-27 11:15:31,065 DEBUG Horse: Создание Horse, имя [Пегас], скорость [2.9]
2023-08-27 11:15:31,065 DEBUG Horse: Создание Horse, имя [Вишня], скорость [3.0]
2023-08-27 11:15:31,066 DEBUG Hippodrome: Создание Hippodrome, лошадей [7]
2023-08-27 11:15:31,066 INFO  Main:  Начало скачек. Количество участников: 7
2023-08-27 11:15:52,114 INFO  Main: Окончание скачек. Победитель: Вишня
2023-08-27 11:17:15,503 DEBUG Horse: Создание Horse, имя [Буцефал], скорость [2.4]
2023-08-27 11:17:15,505 DEBUG Horse: Создание Horse, имя [Туз Пик], скорость [2.5]
2023-08-27 11:17:15,505 DEBUG Horse: Создание Horse, имя [Зефир], скорость [2.6]
2023-08-27 11:17:15,505 DEBUG Horse: Создание Horse, имя [Пожар], скорость [2.7]
2023-08-27 11:17:15,505 DEBUG Horse: Создание Horse, имя [Лобстер], скорость [2.8]
2023-08-27 11:17:15,505 DEBUG Horse: Создание Horse, имя [Пегас], скорость [2.9]
2023-08-27 11:17:15,505 DEBUG Horse: Создание Horse, имя [Вишня], скорость [3.0]
2023-08-27 11:17:15,508 DEBUG Hippodrome: Создание Hippodrome, лошадей [7]
2023-08-27 11:17:15,508 INFO  Main:  Начало скачек. Количество участников: 7
2023-08-27 11:17:36,408 INFO  Main: Окончание скачек. Победитель: Пегас
2023-08-27 11:19:32,868 DEBUG Horse: Создание Horse, имя [Буцефал], скорость [2.4]
2023-08-27 11:19:32,871 DEBUG Horse: Создание Horse, имя [Туз Пик], скорость [2.5]
2023-08-27 11:19:32,871 DEBUG Horse: Создание Horse, имя [Зефир], скорость [2.6]
2023-08-27 11:19:32,871 DEBUG Horse: Создание Horse, имя [Пожар], скорость [2.7]
2023-08-27 11:19:32,871 DEBUG Horse: Создание Horse, имя [Лобстер], скорость [2.8]
2023-08-27 11:19:32,871 DEBUG Horse: Создание Horse, имя [Пегас], скорость [2.9]
2023-08-27 11:19:32,872 DEBUG Horse: Создание Horse, имя [Вишня], скорость [3.0]
2023-08-27 11:19:32,872 DEBUG Hippodrome: Создание Hippodrome, лошадей [7]
2023-08-27 11:19:32,872 INFO  Main:  Начало скачек. Количество участников: 7
2023-08-27 11:19:53,840 INFO  Main: Окончание скачек. Победитель: Вишня
2023-08-27 11:21:23,799 DEBUG Horse: Создание Horse, имя [Буцефал], скорость [2.4]
2023-08-27 11:21:23,805 DEBUG Horse: Создание Horse, имя [Туз Пик], скорость [2.5]
2023-08-27 11:21:23,805 DEBUG Horse: Создание Horse, имя [Зефир], скорость [2.6]
2023-08-27 11:21:23,805 DEBUG Horse: Создание Horse, имя [Пожар], скорость [2.7]
2023-08-27 11:21:23,805 DEBUG Horse: Создание Horse, имя [Лобстер], скорость [2.8]
2023-08-27 11:21:23,805 DEBUG Horse: Создание Horse, имя [Пегас], скорость [2.9]
2023-08-27 11:21:23,805 DEBUG Horse: Создание Horse, имя [Вишня], скорость [3.0]
2023-08-27 11:21:23,805 DEBUG Hippodrome: Создание Hippodrome, лошадей [7]
2023-08-27 11:21:23,805 INFO  Main:  Начало скачек. Количество участников: 7
2023-08-27 11:21:44,849 INFO  Main: Окончание скачек. Победитель: Пегас
2023-08-27 11:30:55,893 DEBUG Horse: Создание Horse, имя [Буцефал], скорость [2.4]
2023-08-27 11:30:55,897 DEBUG Horse: Создание Horse, имя [Туз Пик], скорость [2.5]
2023-08-27 11:30:55,897 DEBUG Horse: Создание Horse, имя [Зефир], скорость [2.6]
2023-08-27 11:30:55,897 DEBUG Horse: Создание Horse, имя [Пожар], скорость [2.7]
2023-08-27 11:30:55,897 DEBUG Horse: Создание Horse, имя [Лобстер], скорость [2.8]
2023-08-27 11:30:55,897 DEBUG Horse: Создание Horse, имя [Пегас], скорость [2.9]
2023-08-27 11:30:55,897 DEBUG Horse: Создание Horse, имя [Вишня], скорость [3.0]
2023-08-27 11:30:55,897 DEBUG Hippodrome: Создание Hippodrome, лошадей [7]
2023-08-27 11:30:55,897 INFO  Main:  Начало скачек. Количество участников: 7
2023-08-27 11:31:16,826 INFO  Main: Окончание скачек. Победитель: Пегас
2023-08-23 12:51:48,820 DEBUG Horse: Создание Horse, имя [Буцефал], скорость [2.4]
2023-08-23 12:51:48,822 DEBUG Horse: Создание Horse, имя [Туз Пик], скорость [2.5]
2023-08-23 12:51:48,822 DEBUG Horse: Создание Horse, имя [Зефир], скорость [2.6]
2023-08-23 12:51:48,822 DEBUG Horse: Создание Horse, имя [Пожар], скорость [2.7]
2023-08-23 12:51:48,823 DEBUG Horse: Создание Horse, имя [Лобстер], скорость [2.8]
2023-08-23 12:51:48,823 DEBUG Horse: Создание Horse, имя [Пегас], скорость [2.9]
2023-08-23 12:51:48,823 DEBUG Horse: Создание Horse, имя [Вишня], скорость [3.0]
2023-08-23 12:51:48,824 DEBUG Hippodrome: Создание Hippodrome, лошадей [7]
2023-08-23 12:51:48,824 INFO  Main:  Начало скачек. Количество участников: 7
2023-08-23 12:52:09,183 INFO  Main: Окончание скачек. Победитель: Вишня
2023-08-23 12:52:26,930 DEBUG Horse: Создание Horse, имя [Буцефал], скорость [2.4]
2023-08-23 12:52:26,933 DEBUG Horse: Создание Horse, имя [Туз Пик], скорость [2.5]
2023-08-23 12:52:26,933 DEBUG Horse: Создание Horse, имя [Зефир], скорость [2.6]
2023-08-23 12:52:26,933 DEBUG Horse: Создание Horse, имя [Пожар], скорость [2.7]
2023-08-23 12:52:26,933 DEBUG Horse: Создание Horse, имя [Лобстер], скорость [2.8]
2023-08-23 12:52:26,934 DEBUG Horse: Создание Horse, имя [Пегас], скорость [2.9]
2023-08-23 12:52:26,934 DEBUG Horse: Создание Horse, имя [Вишня], скорость [3.0]
2023-08-23 12:52:26,934 DEBUG Hippodrome: Создание Hippodrome, лошадей [7]
2023-08-23 12:52:26,935 INFO  Main:  Начало скачек. Количество участников: 7
2023-08-23 12:52:47,305 INFO  Main: Окончание скачек. Победитель: Пегас
2023-08-23 12:53:25,059 DEBUG Horse: Создание Horse, имя [Буцефал], скорость [2.4]
2023-08-23 12:53:25,060 DEBUG Horse: Создание Horse, имя [Туз Пик], скорость [2.5]
2023-08-23 12:53:25,062 DEBUG Horse: Создание Horse, имя [Зефир], скорость [2.6]
2023-08-23 12:53:25,062 DEBUG Horse: Создание Horse, имя [Пожар], скорость [2.7]
2023-08-23 12:53:25,062 DEBUG Horse: Создание Horse, имя [Лобстер], скорость [2.8]
2023-08-23 12:53:25,062 DEBUG Horse: Создание Horse, имя [Пегас], скорость [2.9]
2023-08-23 12:53:25,062 DEBUG Horse: Создание Horse, имя [Вишня], скорость [3.0]
2023-08-23 12:53:25,063 DEBUG Hippodrome: Создание Hippodrome, лошадей [7]
2023-08-23 12:53:25,063 INFO  Main:  Начало скачек. Количество участников: 7
2023-08-23 12:53:45,422 INFO  Main: Окончание скачек. Победитель: Вишня
2023-08-23 12:54:11,110 DEBUG Horse: Создание Horse, имя [Буцефал], скорость [2.4]
2023-08-23 12:54:11,112 DEBUG Horse: Создание Horse, имя [Туз Пик], скорость [2.5]
2023-08-23 12:54:11,112 DEBUG Horse: Создание Horse, имя [Зефир], скорость [2.6]
2023-08-23 12:54:11,112 DEBUG Horse: Создание Horse, имя [Пожар], скорость [2.7]
2023-08-23 12:54:11,112 DEBUG Horse: Создание Horse, имя [Лобстер], скорость [2.8]
2023-08-23 12:54:11,112 DEBUG Horse: Создание Horse, имя [Пегас], скорость [2.9]
2023-08-23 12:54:11,113 DEBUG Horse: Создание Horse, имя [Вишня], скорость [3.0]
2023-08-23 12:54:11,113 DEBUG Hippodrome: Создание Hippodrome, лошадей [7]
2023-08-23 12:54:11,114 INFO  Main:  Начало скачек. Количество участников: 7
2023-08-23 12:54:31,510 INFO  Main: Окончание скачек. Победитель: Вишня
2023-08-24 15:10:20,772 DEBUG Horse: Создание Horse, имя [Буцефал], скорость [2.4]
2023-08-24 15:10:20,775 DEBUG Horse: Создание Horse, имя [Туз Пик], скорость [2.5]
2023-08-24 15:10:20,775 DEBUG Horse: Создание Horse, имя [Зефир], скорость [2.6]
2023-08-24 15:10:20,776 DEBUG Horse: Создание Horse, имя [Пожар], скорость [2.7]
2023-08-24 15:10:20,776 DEBUG Horse: Создание Horse, имя [Лобстер], скорость [2.8]
2023-08-24 15:10:20,777 DEBUG Horse: Создание Horse, имя [Пегас], скорость [2.9]
2023-08-24 15:10:20,777 DEBUG Horse: Создание Horse, имя [Вишня], скорость [3.0]
2023-08-24 15:10:20,778 DEBUG Hippodrome: Создание Hippodrome, лошадей [7]
2023-08-24 15:10:20,778 INFO  Main:  Начало скачек. Количество участников: 7
2023-08-24 15:10:41,825 INFO  Main: Окончание скачек. Победитель: Вишня
2023-08-24 22:22:29,353 DEBUG Horse: Создание Horse, имя [Буцефал], скорость [2.4]
2023-08-24 22:22:29,358 DEBUG Horse: Создание Horse, имя [Туз Пик], скорость [2.5]
2023-08-24 22:22:29,358 DEBUG Horse: Создание Horse, имя [Зефир], скорость [2.6]
2023-08-24 22:22:29,358 DEBUG Horse: Создание Horse, имя [Пожар], скорость [2.7]
2023-08-24 22:22:29,358 DEBUG Horse: Создание Horse, имя [Лобстер], скорость [2.8]
2023-08-24 22:22:29,359 DEBUG Horse: Создание Horse, имя [Пегас], скорость [2.9]
2023-08-24 22:22:29,359 DEBUG Horse: Создание Horse, имя [Вишня], скорость [3.0]
2023-08-24 22:22:29,360 DEBUG Hippodrome: Создание Hippodrome, лошадей [7]
2023-08-24 22:22:29,361 INFO  Main:  Начало скачек. Количество участников: 7
2023-08-24 22:22:49,434 INFO  Main: Окончание скачек. Победитель: Пегас
2023-08-24 22:23:26,348 DEBUG Horse: Создание Horse, имя [Буцефал], скорость [2.4]
2023-08-24 22:23:26,356 DEBUG Horse: Создание Horse, имя [Туз Пик], скорость [2.5]
2023-08-24 22:23:26,360 DEBUG Horse: Создание Horse, имя [Зефир], скорость [2.6]
2023-08-24 22:23:26,360 DEBUG Horse: Создание Horse, имя [Пожар], скорость [2.7]
2023-08-24 22:23:26,361 DEBUG Horse: Создание Horse, имя [Лобстер], скорость [2.8]
2023-08-24 22:23:26,363 DEBUG Horse: Создание Horse, имя [Пегас], скорость [2.9]
2023-08-24 22:23:26,364 DEBUG Horse: Создание Horse, имя [Вишня], скорость [3.0]
2023-08-24 22:23:26,369 DEBUG Hippodrome: Создание Hippodrome, лошадей [7]
2023-08-24 22:23:26,369 INFO  Main:  Начало скачек. Количество участников: 7
2023-08-24 22:23:46,446 INFO  Main: Окончание скачек. Победитель: Вишня
2023-08-24 22:24:07,106 DEBUG Horse: Создание Horse, имя [Буцефал], скорость [2.4]
2023-08-24 22:24:07,112 DEBUG Horse: Создание Horse, имя [Туз Пик], скорость [2.5]
2023-08-24 22:24:07,112 DEBUG Horse: Создание Horse, имя [Зефир], скорость [2.6]
2023-08-24 22:24:07,112 DEBUG Horse: Создание Horse, имя [Пожар], скорость [2.7]
2023-08-24 22:24:07,113 DEBUG Horse: Создание Horse, имя [Лобстер], скорость [2.8]
2023-08-24 22:24:07,113 DEBUG Horse: Создание Horse, имя [Пегас], скорость [2.9]
2023-08-24 22:24:07,114 DEBUG Horse: Создание Horse, имя [Вишня], скорость [3.0]
2023-08-24 22:24:07,116 DEBUG Hippodrome: Создание Hippodrome, лошадей [7]
2023-08-24 22:24:07,117 INFO  Main:  Начало скачек. Количество участников: 7
2023-08-24 22:24:27,200 INFO  Main: Окончание скачек. Победитель: Вишня
2023-08-24 22:24:47,968 DEBUG Horse: Создание Horse, имя [Буцефал], скорость [2.4]
2023-08-24 22:24:47,973 DEBUG Horse: Создание Horse, имя [Туз Пик], скорость [2.5]
2023-08-24 22:24:47,973 DEBUG Horse: Создание Horse, имя [Зефир], скорость [2.6]
2023-08-24 22:24:47,974 DEBUG Horse: Создание Horse, имя [Пожар], скорость [2.7]
2023-08-24 22:24:47,974 DEBUG Horse: Создание Horse, имя [Лобстер], скорость [2.8]
2023-08-24 22:24:47,974 DEBUG Horse: Создание Horse, имя [Пегас], скорость [2.9]
2023-08-24 22:24:47,974 DEBUG Horse: Создание Horse, имя [Вишня], скорость [3.0]
2023-08-24 22:24:47,976 DEBUG Hippodrome: Создание Hippodrome, лошадей [7]
2023-08-24 22:24:47,977 INFO  Main:  Начало скачек. Количество участников: 7
2023-08-24 22:25:08,040 INFO  Main: Окончание скачек. Победитель: Вишня
2023-08-25 13:15:54,237 DEBUG Horse: Создание Horse, имя [Буцефал], скорость [2.4]
2023-08-25 13:15:54,239 DEBUG Horse: Создание Horse, имя [Туз Пик], скорость [2.5]
2023-08-25 13:15:54,240 DEBUG Horse: Создание Horse, имя [Зефир], скорость [2.6]
2023-08-25 13:15:54,240 DEBUG Horse: Создание Horse, имя [Пожар], скорость [2.7]
2023-08-25 13:15:54,240 DEBUG Horse: Создание Horse, имя [Лобстер], скорость [2.8]
2023-08-25 13:15:54,240 DEBUG Horse: Создание Horse, имя [Пегас], скорость [2.9]
2023-08-25 13:15:54,240 DEBUG Horse: Создание Horse, имя [Вишня], скорость [3.0]
2023-08-25 13:15:54,241 DEBUG Hippodrome: Создание Hippodrome, лошадей [7]
2023-08-25 13:15:54,241 INFO  Main:  Начало скачек. Количество участников: 7
2023-08-25 13:16:14,877 INFO  Main: Окончание скачек. Победитель: Пегас
2023-08-25 13:18:56,533 DEBUG Horse: Создание Horse, имя [horse], скорость [12.0]
2023-08-25 13:18:56,554 ERROR Horse: Distance is negative
2023-08-25 13:18:56,565 DEBUG Horse: Создание Horse, имя [horse], скорость [12.0]
2023-08-25 13:18:56,569 ERROR Horse: Name is null
2023-08-25 13:18:56,570 DEBUG Horse: Создание Horse, имя [horse], скорость [12.0]
2023-08-25 13:18:56,599 DEBUG Horse: Создание Horse, имя [horse], скорость [12.0]
2023-08-25 13:18:56,626 ERROR Horse: Name is blank
2023-08-25 13:18:56,635 DEBUG Horse: Создание Horse, имя [horse], скорость [12.0]
2023-08-25 13:18:56,638 ERROR Horse: Name is blank
2023-08-25 13:18:56,640 DEBUG Horse: Создание Horse, имя [horse], скорость [12.0]
2023-08-25 13:18:56,642 ERROR Horse: Name is blank
2023-08-25 13:18:56,647 DEBUG Horse: Создание Horse, имя [horse], скорость [12.0]
2023-08-25 13:18:56,650 ERROR Horse: Speed is negative
2023-08-25 13:18:56,652 DEBUG Horse: Создание Horse, имя [horse], скорость [12.0]
2023-08-25 13:18:56,656 DEBUG Horse: Создание Horse, имя [horse], скорость [12.0]
2023-08-25 13:19:48,674 DEBUG Horse: Создание Horse, имя [Буцефал], скорость [2.4]
2023-08-25 13:19:48,677 DEBUG Horse: Создание Horse, имя [Туз Пик], скорость [2.5]
2023-08-25 13:19:48,677 DEBUG Horse: Создание Horse, имя [Зефир], скорость [2.6]
2023-08-25 13:19:48,678 DEBUG Horse: Создание Horse, имя [Пожар], скорость [2.7]
2023-08-25 13:19:48,678 DEBUG Horse: Создание Horse, имя [Лобстер], скорость [2.8]
2023-08-25 13:19:48,678 DEBUG Horse: Создание Horse, имя [Пегас], скорость [2.9]
2023-08-25 13:19:48,678 DEBUG Horse: Создание Horse, имя [Вишня], скорость [3.0]
2023-08-25 13:19:48,679 DEBUG Hippodrome: Создание Hippodrome, лошадей [7]
2023-08-25 13:19:48,679 INFO  Main:  Начало скачек. Количество участников: 7
2023-08-25 13:20:09,015 INFO  Main: Окончание скачек. Победитель: Вишня
2023-08-25 13:52:38,322 DEBUG Horse: Создание Horse, имя [horse], скорость [12.0]
2023-08-25 13:57:34,708 DEBUG Horse: Создание Horse, имя [horse], скорость [12.0]
2023-08-25 13:57:52,695 DEBUG Horse: Создание Horse, имя [horse], скорость [12.0]
2023-08-25 14:07:10,929 DEBUG Horse: Создание Horse, имя [horse], скорость [12.0]
2023-08-26 07:18:51,950 DEBUG Horse: Создание Horse, имя [horse], скорость [12.0]
2023-08-26 07:20:19,989 DEBUG Horse: Создание Horse, имя [horse], скорость [12.0]
2023-08-26 07:20:44,098 DEBUG Horse: Создание Horse, имя [horse], скорость [12.0]
2023-08-26 07:23:36,904 DEBUG Horse: Создание Horse, имя [horse], скорость [12.0]
2023-08-26 07:24:24,478 DEBUG Horse: Создание Horse, имя [horse], скорость [12.0]
2023-08-26 07:24:31,990 DEBUG Horse: Создание Horse, имя [horse], скорость [12.0]
2023-08-26 07:26:32,295 DEBUG Horse: Создание Horse, имя [horse], скорость [12.0]
2023-08-26 07:50:03,431 DEBUG Horse: Создание Horse, имя [a], скорость [1.0]
2023-08-26 07:50:03,435 DEBUG Horse: Создание Horse, имя [b], скорость [2.0]
2023-08-26 07:50:03,435 DEBUG Horse: Создание Horse, имя [c], скорость [3.0]
2023-08-26 07:50:03,435 DEBUG Horse: Создание Horse, имя [d], скорость [4.0]
2023-08-26 07:50:03,435 DEBUG Horse: Создание Horse, имя [e], скорость [5.0]
2023-08-26 07:50:03,435 DEBUG Horse: Создание Horse, имя [f], скорость [6.0]
2023-08-26 07:50:03,439 DEBUG Hippodrome: Создание Hippodrome, лошадей [50]
2023-08-26 13:09:18,090 DEBUG Horse: Создание Horse, имя [a], скорость [1.0]
2023-08-26 13:09:18,095 DEBUG Horse: Создание Horse, имя [b], скорость [2.0]
2023-08-26 13:09:18,095 DEBUG Horse: Создание Horse, имя [c], скорость [3.0]
2023-08-26 13:09:18,095 DEBUG Horse: Создание Horse, имя [d], скорость [4.0]
2023-08-26 13:09:18,095 DEBUG Horse: Создание Horse, имя [e], скорость [5.0]
2023-08-26 13:09:18,095 DEBUG Horse: Создание Horse, имя [f], скорость [6.0]
2023-08-26 13:16:08,399 DEBUG Horse: Создание Horse, имя [a], скорость [1.0]
2023-08-26 13:16:08,402 DEBUG Horse: Создание Horse, имя [b], скорость [2.0]
2023-08-26 13:16:08,402 DEBUG Horse: Создание Horse, имя [c], скорость [3.0]
2023-08-26 13:16:08,402 DEBUG Horse: Создание Horse, имя [d], скорость [4.0]
2023-08-26 13:16:08,402 DEBUG Horse: Создание Horse, имя [e], скорость [5.0]
2023-08-26 13:16:08,402 DEBUG Horse: Создание Horse, имя [f], скорость [6.0]
2023-08-26 13:16:08,404 DEBUG Hippodrome: Создание Hippodrome, лошадей [50]
2023-08-26 13:18:20,218 DEBUG Horse: Создание Horse, имя [a], скорость [1.0]
2023-08-26 13:18:20,221 DEBUG Horse: Создание Horse, имя [b], скорость [2.0]
2023-08-26 13:18:20,221 DEBUG Horse: Создание Horse, имя [c], скорость [3.0]
2023-08-26 13:18:20,221 DEBUG Horse: Создание Horse, имя [d], скорость [4.0]
2023-08-26 13:18:20,221 DEBUG Horse: Создание Horse, имя [e], скорость [5.0]
2023-08-26 13:18:20,221 DEBUG Horse: Создание Horse, имя [f], скорость [6.0]
2023-08-26 13:18:20,224 DEBUG Hippodrome: Создание Hippodrome, лошадей [50]
2023-08-26 13:24:37,339 DEBUG Horse: Создание Horse, имя [a], скорость [1.0]
2023-08-26 13:24:37,342 DEBUG Horse: Создание Horse, имя [b], скорость [2.0]
2023-08-26 13:24:37,342 DEBUG Horse: Создание Horse, имя [c], скорость [3.0]
2023-08-26 13:24:37,342 DEBUG Horse: Создание Horse, имя [d], скорость [4.0]
2023-08-26 13:24:37,342 DEBUG Horse: Создание Horse, имя [e], скорость [5.0]
2023-08-26 13:24:37,343 DEBUG Horse: Создание Horse, имя [f], скорость [6.0]
2023-08-26 13:24:37,347 DEBUG Hippodrome: Создание Hippodrome, лошадей [50]
2023-08-26 13:25:09,211 DEBUG Horse: Создание Horse, имя [a], скорость [12.0]
2023-08-26 13:25:09,228 DEBUG Horse: Создание Horse, имя [a], скорость [1.0]
2023-08-26 13:25:09,229 DEBUG Horse: Создание Horse, имя [b], скорость [2.0]
2023-08-26 13:25:09,229 DEBUG Horse: Создание Horse, имя [c], скорость [3.0]
2023-08-26 13:25:09,229 DEBUG Horse: Создание Horse, имя [d], скорость [4.0]
2023-08-26 13:25:09,229 DEBUG Horse: Создание Horse, имя [e], скорость [5.0]
2023-08-26 13:25:09,229 DEBUG Horse: Создание Horse, имя [f], скорость [6.0]
2023-08-26 13:25:09,232 DEBUG Hippodrome: Создание Hippodrome, лошадей [50]
2023-08-26 13:25:51,223 DEBUG Horse: Создание Horse, имя [a], скорость [12.0]
2023-08-26 13:25:51,240 DEBUG Horse: Создание Horse, имя [a], скорость [1.0]
2023-08-26 13:25:51,241 DEBUG Horse: Создание Horse, имя [b], скорость [2.0]
2023-08-26 13:25:51,241 DEBUG Horse: Создание Horse, имя [c], скорость [3.0]
2023-08-26 13:25:51,241 DEBUG Horse: Создание Horse, имя [d], скорость [4.0]
2023-08-26 13:25:51,241 DEBUG Horse: Создание Horse, имя [e], скорость [5.0]
2023-08-26 13:25:51,241 DEBUG Horse: Создание Horse, имя [f], скорость [6.0]
2023-08-26 13:25:51,244 DEBUG Hippodrome: Создание Hippodrome, лошадей [50]
2023-08-26 13:35:39,723 DEBUG Horse: Создание Horse, имя [a], скорость [1.0]
2023-08-26 13:35:39,725 DEBUG Horse: Создание Horse, имя [b], скорость [2.0]
2023-08-26 13:35:39,725 DEBUG Horse: Создание Horse, имя [c], скорость [3.0]
2023-08-26 13:35:39,725 DEBUG Horse: Создание Horse, имя [d], скорость [4.0]
2023-08-26 13:35:39,725 DEBUG Horse: Создание Horse, имя [e], скорость [5.0]
2023-08-26 13:35:39,725 DEBUG Horse: Создание Horse, имя [f], скорость [6.0]
2023-08-26 13:35:39,730 DEBUG Hippodrome: Создание Hippodrome, лошадей [50]
2023-08-26 13:36:02,552 DEBUG Horse: Создание Horse, имя [a], скорость [1.0]
2023-08-26 13:36:02,556 DEBUG Horse: Создание Horse, имя [b], скорость [2.0]
2023-08-26 13:36:02,556 DEBUG Horse: Создание Horse, имя [c], скорость [3.0]
2023-08-26 13:36:02,556 DEBUG Horse: Создание Horse, имя [d], скорость [4.0]
2023-08-26 13:36:02,556 DEBUG Horse: Создание Horse, имя [e], скорость [5.0]
2023-08-26 13:36:02,556 DEBUG Horse: Создание Horse, имя [f], скорость [6.0]
2023-08-26 13:36:02,587 DEBUG Hippodrome: Создание Hippodrome, лошадей [50]
2023-08-26 13:37:42,878 DEBUG Horse: Создание Horse, имя [a], скорость [1.0]
2023-08-26 13:37:42,882 DEBUG Horse: Создание Horse, имя [b], скорость [2.0]
2023-08-26 13:37:42,882 DEBUG Horse: Создание Horse, имя [c], скорость [3.0]
2023-08-26 13:37:42,882 DEBUG Horse: Создание Horse, имя [d], скорость [4.0]
2023-08-26 13:37:42,882 DEBUG Horse: Создание Horse, имя [e], скорость [5.0]
2023-08-26 13:37:42,882 DEBUG Horse: Создание Horse, имя [f], скорость [6.0]
2023-08-26 13:37:42,887 DEBUG Hippodrome: Создание Hippodrome, лошадей [50]
2023-08-26 13:38:24,156 DEBUG Horse: Создание Horse, имя [a], скорость [1.0]
2023-08-26 13:38:24,159 DEBUG Horse: Создание Horse, имя [b], скорость [2.0]
2023-08-26 13:38:24,159 DEBUG Horse: Создание Horse, имя [c], скорость [3.0]
2023-08-26 13:38:24,159 DEBUG Horse: Создание Horse, имя [d], скорость [4.0]
2023-08-26 13:38:24,159 DEBUG Horse: Создание Horse, имя [e], скорость [5.0]
2023-08-26 13:38:24,159 DEBUG Horse: Создание Horse, имя [f], скорость [6.0]
2023-08-26 13:38:53,925 DEBUG Horse: Создание Horse, имя [a], скорость [12.0]
2023-08-26 13:38:53,943 DEBUG Horse: Создание Horse, имя [a], скорость [1.0]
2023-08-26 13:38:53,943 DEBUG Horse: Создание Horse, имя [b], скорость [2.0]
2023-08-26 13:38:53,943 DEBUG Horse: Создание Horse, имя [c], скорость [3.0]
2023-08-26 13:38:53,943 DEBUG Horse: Создание Horse, имя [d], скорость [4.0]
2023-08-26 13:38:53,943 DEBUG Horse: Создание Horse, имя [e], скорость [5.0]
2023-08-26 13:38:53,944 DEBUG Horse: Создание Horse, имя [f], скорость [6.0]
2023-08-26 13:38:53,946 DEBUG Hippodrome: Создание Hippodrome, лошадей [50]
2023-08-26 13:40:13,390 DEBUG Horse: Создание Horse, имя [a], скорость [12.0]
2023-08-26 13:40:14,334 DEBUG Horse: Создание Horse, имя [a], скорость [1.0]
2023-08-26 13:40:14,334 DEBUG Horse: Создание Horse, имя [b], скорость [2.0]
2023-08-26 13:40:14,334 DEBUG Horse: Создание Horse, имя [c], скорость [3.0]
2023-08-26 13:40:14,335 DEBUG Horse: Создание Horse, имя [d], скорость [4.0]
2023-08-26 13:40:14,335 DEBUG Horse: Создание Horse, имя [e], скорость [5.0]
2023-08-26 13:40:14,335 DEBUG Horse: Создание Horse, имя [f], скорость [6.0]
2023-08-26 13:40:14,351 DEBUG Hippodrome: Создание Hippodrome, лошадей [50]
2023-08-26 13:40:44,145 DEBUG Horse: Создание Horse, имя [a], скорость [12.0]
2023-08-26 13:40:45,088 DEBUG Horse: Создание Horse, имя [a], скорость [1.0]
2023-08-26 13:40:45,088 DEBUG Horse: Создание Horse, имя [b], скорость [2.0]
2023-08-26 13:40:45,088 DEBUG Horse: Создание Horse, имя [c], скорость [3.0]
2023-08-26 13:40:45,088 DEBUG Horse: Создание Horse, имя [d], скорость [4.0]
2023-08-26 13:40:45,088 DEBUG Horse: Создание Horse, имя [e], скорость [5.0]
2023-08-26 13:40:45,088 DEBUG Horse: Создание Horse, имя [f], скорость [6.0]
2023-08-26 13:40:45,091 DEBUG Hippodrome: Создание Hippodrome, лошадей [50]
2023-08-26 13:41:03,934 DEBUG Horse: Создание Horse, имя [a], скорость [1.0]
2023-08-26 13:41:03,938 DEBUG Horse: Создание Horse, имя [b], скорость [2.0]
2023-08-26 13:41:03,938 DEBUG Horse: Создание Horse, имя [c], скорость [3.0]
2023-08-26 13:41:03,938 DEBUG Horse: Создание Horse, имя [d], скорость [4.0]
2023-08-26 13:41:03,938 DEBUG Horse: Создание Horse, имя [e], скорость [5.0]
2023-08-26 13:41:03,938 DEBUG Horse: Создание Horse, имя [f], скорость [6.0]
2023-08-26 13:41:03,946 DEBUG Hippodrome: Создание Hippodrome, лошадей [50]
2023-08-26 13:47:11,918 DEBUG Horse: Создание Horse, имя [horse], скорость [12.0]
2023-08-26 13:47:37,415 DEBUG Horse: Создание Horse, имя [horse], скорость [12.0]
2023-08-26 13:47:43,507 DEBUG Horse: Создание Horse, имя [horse], скорость [12.0]
2023-08-26 13:48:05,338 DEBUG Horse: Создание Horse, имя [horse], скорость [12.0]
2023-08-26 13:48:35,310 DEBUG Horse: Создание Horse, имя [horse], скорость [12.0]
2023-08-26 13:48:52,123 DEBUG Horse: Создание Horse, имя [horse], скорость [12.0]
